
------------------------------------------------------------------------------------------
1/15/2018, 6:00:33 PM: Katana SVG server started at  => http://127.0.0.1:27001
Process ID: 17104
No of workers: 8

1/15/2018, 6:00:34 PM: Process 7984 is listening to all incoming requests
1/15/2018, 6:00:34 PM: Process 14672 is listening to all incoming requests
1/15/2018, 6:00:34 PM: Process 11504 is listening to all incoming requests
1/15/2018, 6:00:34 PM: Process 12048 is listening to all incoming requests
1/15/2018, 6:00:34 PM: Process 17396 is listening to all incoming requests
1/15/2018, 6:00:34 PM: Process 10356 is listening to all incoming requests
1/15/2018, 6:00:34 PM: Process 2056 is listening to all incoming requests
1/15/2018, 6:00:34 PM: Process 2392 is listening to all incoming requests

------------------------------------------------------------------------------------------
1/15/2018, 6:01:03 PM: Katana SVG server started at  => http://127.0.0.1:27001
Process ID: 14792
No of workers: 8

1/15/2018, 6:01:04 PM: Process 15884 is listening to all incoming requests
1/15/2018, 6:01:04 PM: Process 1132 is listening to all incoming requests
1/15/2018, 6:01:04 PM: Process 12756 is listening to all incoming requests
1/15/2018, 6:01:04 PM: Process 16152 is listening to all incoming requests
1/15/2018, 6:01:04 PM: Process 12324 is listening to all incoming requests
1/15/2018, 6:01:04 PM: Process 3232 is listening to all incoming requests
1/15/2018, 6:01:04 PM: Process 15696 is listening to all incoming requests
1/15/2018, 6:01:04 PM: Process 15776 is listening to all incoming requests

------------------------------------------------------------------------------------------
1/15/2018, 6:02:17 PM: Katana SVG server started at  => http://127.0.0.1:27001
Process ID: 10732
No of workers: 8

1/15/2018, 6:02:18 PM: Process 3776 is listening to all incoming requests
1/15/2018, 6:02:18 PM: Process 17208 is listening to all incoming requests
1/15/2018, 6:02:18 PM: Process 8540 is listening to all incoming requests
1/15/2018, 6:02:18 PM: Process 1004 is listening to all incoming requests
1/15/2018, 6:02:18 PM: Process 17400 is listening to all incoming requests
1/15/2018, 6:02:18 PM: Process 16512 is listening to all incoming requests
1/15/2018, 6:02:18 PM: Process 1860 is listening to all incoming requests
1/15/2018, 6:02:18 PM: Process 12844 is listening to all incoming requests

------------------------------------------------------------------------------------------
1/15/2018, 6:02:55 PM: Katana SVG server started at  => http://127.0.0.1:27001
Process ID: 2092
No of workers: 8

1/15/2018, 6:02:56 PM: Process 14992 is listening to all incoming requests
1/15/2018, 6:02:56 PM: Process 13696 is listening to all incoming requests
1/15/2018, 6:02:56 PM: Process 10820 is listening to all incoming requests
1/15/2018, 6:02:56 PM: Process 18048 is listening to all incoming requests
1/15/2018, 6:02:56 PM: Process 16024 is listening to all incoming requests
1/15/2018, 6:02:56 PM: Process 5448 is listening to all incoming requests
1/15/2018, 6:02:56 PM: Process 3952 is listening to all incoming requests
1/15/2018, 6:02:56 PM: Process 11360 is listening to all incoming requests

------------------------------------------------------------------------------------------
1/15/2018, 6:03:11 PM: Katana SVG server started at  => 192.168.1.18:27001
Process ID: 13848
No of workers: 8

1/15/2018, 6:03:12 PM: Process 5752 is listening to all incoming requests
1/15/2018, 6:03:12 PM: Process 11852 is listening to all incoming requests
1/15/2018, 6:03:12 PM: Process 15756 is listening to all incoming requests
1/15/2018, 6:03:12 PM: Process 1644 is listening to all incoming requests
1/15/2018, 6:03:12 PM: Process 3616 is listening to all incoming requests
1/15/2018, 6:03:12 PM: Process 3148 is listening to all incoming requests
1/15/2018, 6:03:12 PM: Process 4384 is listening to all incoming requests
1/15/2018, 6:03:12 PM: Process 10292 is listening to all incoming requests

------------------------------------------------------------------------------------------
1/15/2018, 6:03:22 PM: Katana SVG server started at  => 192.168.1.18:27001
Process ID: 18380
No of workers: 8

1/15/2018, 6:03:23 PM: Process 11708 is listening to all incoming requests
1/15/2018, 6:03:23 PM: Process 6200 is listening to all incoming requests
1/15/2018, 6:03:23 PM: Process 8256 is listening to all incoming requests
1/15/2018, 6:03:23 PM: Process 4592 is listening to all incoming requests
1/15/2018, 6:03:23 PM: Process 7888 is listening to all incoming requests
1/15/2018, 6:03:23 PM: Process 2512 is listening to all incoming requests
1/15/2018, 6:03:23 PM: Process 11392 is listening to all incoming requests
1/15/2018, 6:03:23 PM: Process 18056 is listening to all incoming requests

------------------------------------------------------------------------------------------
1/15/2018, 6:03:42 PM: Katana SVG server started at  => 192.168.1.18:27001
Process ID: 3184
No of workers: 8

1/15/2018, 6:03:43 PM: Process 7220 is listening to all incoming requests
1/15/2018, 6:03:43 PM: Process 10116 is listening to all incoming requests
1/15/2018, 6:03:43 PM: Process 15196 is listening to all incoming requests
1/15/2018, 6:03:43 PM: Process 17880 is listening to all incoming requests
1/15/2018, 6:03:43 PM: Process 17112 is listening to all incoming requests
1/15/2018, 6:03:43 PM: Process 6152 is listening to all incoming requests
1/15/2018, 6:03:43 PM: Process 12572 is listening to all incoming requests
1/15/2018, 6:03:43 PM: Process 15116 is listening to all incoming requests
1/15/2018, 6:04:14 PM: Process 15116 responded to request from: 192.168.1.18
1/15/2018, 6:04:18 PM: Process 15116 responded to request from: 192.168.1.18

------------------------------------------------------------------------------------------
1/15/2018, 6:04:42 PM: Katana SVG server started at  => 192.168.1.18:27001
Process ID: 6740
No of workers: 8

1/15/2018, 6:04:43 PM: Process 6044 is listening to all incoming requests
1/15/2018, 6:04:43 PM: Process 18428 is listening to all incoming requests
1/15/2018, 6:04:43 PM: Process 17256 is listening to all incoming requests
1/15/2018, 6:04:43 PM: Process 15232 is listening to all incoming requests
1/15/2018, 6:04:43 PM: Process 10480 is listening to all incoming requests
1/15/2018, 6:04:43 PM: Process 12156 is listening to all incoming requests
1/15/2018, 6:04:43 PM: Process 15668 is listening to all incoming requests
1/15/2018, 6:04:43 PM: Process 12720 is listening to all incoming requests

------------------------------------------------------------------------------------------
1/15/2018, 6:05:23 PM: Katana SVG server started at  => 192.168.1.18:27001
Process ID: 17212
No of workers: 8

1/15/2018, 6:05:24 PM: Process 13032 is listening to all incoming requests
1/15/2018, 6:05:24 PM: Process 1696 is listening to all incoming requests
1/15/2018, 6:05:24 PM: Process 10932 is listening to all incoming requests
1/15/2018, 6:05:24 PM: Process 12840 is listening to all incoming requests
1/15/2018, 6:05:24 PM: Process 5816 is listening to all incoming requests
1/15/2018, 6:05:24 PM: Process 15328 is listening to all incoming requests
1/15/2018, 6:05:24 PM: Process 4200 is listening to all incoming requests
1/15/2018, 6:05:24 PM: Process 9352 is listening to all incoming requests

------------------------------------------------------------------------------------------
1/15/2018, 6:06:42 PM: Katana SVG server started at  => 192.168.1.18:27001
Process ID: 2972
No of workers: 8

1/15/2018, 6:06:43 PM: Process 17580 is listening to all incoming requests
1/15/2018, 6:06:43 PM: Process 14096 is listening to all incoming requests
1/15/2018, 6:06:43 PM: Process 14844 is listening to all incoming requests
1/15/2018, 6:06:43 PM: Process 900 is listening to all incoming requests
1/15/2018, 6:06:43 PM: Process 852 is listening to all incoming requests
1/15/2018, 6:06:43 PM: Process 11468 is listening to all incoming requests
1/15/2018, 6:06:43 PM: Process 14072 is listening to all incoming requests
1/15/2018, 6:06:43 PM: Process 1872 is listening to all incoming requests

------------------------------------------------------------------------------------------
1/15/2018, 6:07:11 PM: Katana SVG server started at  => 192.168.1.18:27001
Process ID: 17088
No of workers: 8

1/15/2018, 6:07:12 PM: Process 11476 is listening to all incoming requests
1/15/2018, 6:07:12 PM: Process 16668 is listening to all incoming requests
1/15/2018, 6:07:12 PM: Process 11592 is listening to all incoming requests
1/15/2018, 6:07:12 PM: Process 2024 is listening to all incoming requests
1/15/2018, 6:07:12 PM: Process 11008 is listening to all incoming requests
1/15/2018, 6:07:12 PM: Process 11380 is listening to all incoming requests
1/15/2018, 6:07:12 PM: Process 17712 is listening to all incoming requests
1/15/2018, 6:07:12 PM: Process 17636 is listening to all incoming requests

------------------------------------------------------------------------------------------
1/15/2018, 6:07:33 PM: Katana SVG server started at  => 192.168.1.18:27001
Process ID: 14240
No of workers: 8

1/15/2018, 6:07:34 PM: Process 5292 is listening to all incoming requests
1/15/2018, 6:07:34 PM: Process 16208 is listening to all incoming requests
1/15/2018, 6:07:34 PM: Process 15940 is listening to all incoming requests
1/15/2018, 6:07:34 PM: Process 9636 is listening to all incoming requests
1/15/2018, 6:07:34 PM: Process 10416 is listening to all incoming requests
1/15/2018, 6:07:34 PM: Process 5944 is listening to all incoming requests
1/15/2018, 6:07:34 PM: Process 7580 is listening to all incoming requests
1/15/2018, 6:07:34 PM: Process 11404 is listening to all incoming requests

------------------------------------------------------------------------------------------
1/15/2018, 6:07:56 PM: Katana SVG server started at  => 192.168.1.18:27001
Process ID: 11212
No of workers: 8

1/15/2018, 6:07:57 PM: Process 6644 is listening to all incoming requests
1/15/2018, 6:07:57 PM: Process 15548 is listening to all incoming requests
1/15/2018, 6:07:57 PM: Process 6484 is listening to all incoming requests
1/15/2018, 6:07:57 PM: Process 4088 is listening to all incoming requests
1/15/2018, 6:07:57 PM: Process 17664 is listening to all incoming requests
1/15/2018, 6:07:57 PM: Process 4696 is listening to all incoming requests
1/15/2018, 6:07:57 PM: Process 11272 is listening to all incoming requests
1/15/2018, 6:07:57 PM: Process 17008 is listening to all incoming requests

------------------------------------------------------------------------------------------
1/15/2018, 6:08:14 PM: Katana SVG server started at  => 192.168.1.18:27001
Process ID: 10468
No of workers: 8

1/15/2018, 6:08:15 PM: Process 11448 is listening to all incoming requests
1/15/2018, 6:08:15 PM: Process 11792 is listening to all incoming requests
1/15/2018, 6:08:15 PM: Process 10268 is listening to all incoming requests
1/15/2018, 6:08:15 PM: Process 6532 is listening to all incoming requests
1/15/2018, 6:08:15 PM: Process 15748 is listening to all incoming requests
1/15/2018, 6:08:15 PM: Process 8836 is listening to all incoming requests
1/15/2018, 6:08:15 PM: Process 6544 is listening to all incoming requests
1/15/2018, 6:08:15 PM: Process 9188 is listening to all incoming requests

------------------------------------------------------------------------------------------
1/15/2018, 6:09:00 PM: Katana SVG server started at  => 192.168.1.18:27001
Process ID: 13708
No of workers: 8

1/15/2018, 6:09:01 PM: Process 3208 is listening to all incoming requests
1/15/2018, 6:09:01 PM: Process 16900 is listening to all incoming requests
1/15/2018, 6:09:01 PM: Process 15784 is listening to all incoming requests
1/15/2018, 6:09:01 PM: Process 10488 is listening to all incoming requests
1/15/2018, 6:09:01 PM: Process 4192 is listening to all incoming requests
1/15/2018, 6:09:01 PM: Process 17320 is listening to all incoming requests
1/15/2018, 6:09:01 PM: Process 6932 is listening to all incoming requests
1/15/2018, 6:09:01 PM: Process 6920 is listening to all incoming requests

------------------------------------------------------------------------------------------
1/15/2018, 6:10:11 PM: Katana SVG server started at  => 192.168.1.18:27001
Process ID: 7308
No of workers: 8

1/15/2018, 6:10:11 PM: Process 4504 is listening to all incoming requests
1/15/2018, 6:10:11 PM: Process 5096 is listening to all incoming requests
1/15/2018, 6:10:11 PM: Process 3472 is listening to all incoming requests
1/15/2018, 6:10:11 PM: Process 17456 is listening to all incoming requests
1/15/2018, 6:10:11 PM: Process 12336 is listening to all incoming requests
1/15/2018, 6:10:11 PM: Process 15244 is listening to all incoming requests
1/15/2018, 6:10:11 PM: Process 3228 is listening to all incoming requests
1/15/2018, 6:10:11 PM: Process 6400 is listening to all incoming requests

------------------------------------------------------------------------------------------
1/15/2018, 6:10:52 PM: Katana SVG server started at  => 192.168.1.18:27001
Process ID: 14776
No of workers: 8

1/15/2018, 6:10:53 PM: Process 17768 is listening to all incoming requests
1/15/2018, 6:10:53 PM: Process 11656 is listening to all incoming requests
1/15/2018, 6:10:53 PM: Process 15668 is listening to all incoming requests
1/15/2018, 6:10:53 PM: Process 18220 is listening to all incoming requests
1/15/2018, 6:10:53 PM: Process 7096 is listening to all incoming requests
1/15/2018, 6:10:53 PM: Process 11828 is listening to all incoming requests
1/15/2018, 6:10:53 PM: Process 12720 is listening to all incoming requests
1/15/2018, 6:10:53 PM: Process 6288 is listening to all incoming requests

------------------------------------------------------------------------------------------
1/15/2018, 6:11:39 PM: Katana SVG server started at  => 192.168.1.18:27001
Process ID: 15120
No of workers: 8

1/15/2018, 6:11:40 PM: Process 16092 is listening to all incoming requests
1/15/2018, 6:11:40 PM: Process 17900 is listening to all incoming requests
1/15/2018, 6:11:40 PM: Process 5648 is listening to all incoming requests
1/15/2018, 6:11:40 PM: Process 13992 is listening to all incoming requests
1/15/2018, 6:11:40 PM: Process 5624 is listening to all incoming requests
1/15/2018, 6:11:40 PM: Process 5136 is listening to all incoming requests
1/15/2018, 6:11:40 PM: Process 16948 is listening to all incoming requests
1/15/2018, 6:11:40 PM: Process 8160 is listening to all incoming requests
1/15/2018, 6:12:02 PM: Process 8160 responded to request from: 127.0.0.1
1/15/2018, 6:12:08 PM: Process 8160 responded to request from: 127.0.0.1
1/15/2018, 6:12:17 PM: Process 8160 responded to request from: 127.0.0.1
1/15/2018, 6:12:24 PM: Process 8160 responded to request from: 127.0.0.1
1/15/2018, 6:12:25 PM: Process 8160 responded to request from: 127.0.0.1
1/15/2018, 6:12:26 PM: Process 8160 responded to request from: 127.0.0.1
1/15/2018, 6:13:04 PM: Process 8160 responded to request from: 127.0.0.1
1/15/2018, 6:13:18 PM: Process 8160 responded to request from: 127.0.0.1
1/15/2018, 6:13:22 PM: Process 8160 responded to request from: 127.0.0.1
1/15/2018, 6:13:22 PM: Process 8160 responded to request from: 127.0.0.1
1/15/2018, 6:13:23 PM: Process 8160 responded to request from: 127.0.0.1
1/15/2018, 6:14:10 PM: Process 8160 responded to request from: 127.0.0.1
1/15/2018, 6:14:14 PM: Process 8160 responded to request from: 127.0.0.1
1/15/2018, 6:14:15 PM: Process 8160 responded to request from: 127.0.0.1
1/15/2018, 6:14:16 PM: Process 8160 responded to request from: 127.0.0.1
1/15/2018, 6:15:02 PM: Process 8160 responded to request from: 127.0.0.1
1/15/2018, 6:15:05 PM: Process 8160 responded to request from: 127.0.0.1
1/15/2018, 6:15:07 PM: Process 8160 responded to request from: 127.0.0.1
1/15/2018, 6:15:08 PM: Process 8160 responded to request from: 127.0.0.1

------------------------------------------------------------------------------------------
1/15/2018, 6:17:32 PM: Katana SVG server started at  => 192.168.1.18:27001
Process ID: 16780
No of workers: 8

1/15/2018, 6:17:33 PM: Process 10032 is listening to all incoming requests
1/15/2018, 6:17:33 PM: Process 13360 is listening to all incoming requests
1/15/2018, 6:17:33 PM: Process 3244 is listening to all incoming requests
1/15/2018, 6:17:33 PM: Process 8248 is listening to all incoming requests
1/15/2018, 6:17:33 PM: Process 16044 is listening to all incoming requests
1/15/2018, 6:17:33 PM: Process 12504 is listening to all incoming requests
1/15/2018, 6:17:33 PM: Process 15332 is listening to all incoming requests
1/15/2018, 6:17:33 PM: Process 8492 is listening to all incoming requests
1/15/2018, 6:18:13 PM: Process 8492 responded to request from: 127.0.0.1
1/15/2018, 6:18:38 PM: Process 8492 responded to request from: 127.0.0.1
1/15/2018, 6:18:40 PM: Process 8492 responded to request from: 127.0.0.1
1/15/2018, 6:18:45 PM: Process 8492 responded to request from: 127.0.0.1
1/15/2018, 6:19:08 PM: Process 8492 responded to request from: 127.0.0.1
1/15/2018, 6:19:11 PM: Process 8492 responded to request from: 127.0.0.1
1/15/2018, 6:19:22 PM: Process 8492 responded to request from: 127.0.0.1
1/15/2018, 6:19:24 PM: Process 8492 responded to request from: 127.0.0.1
1/15/2018, 6:26:08 PM: Process 8492 responded to request from: 127.0.0.1

------------------------------------------------------------------------------------------
1/15/2018, 6:32:28 PM: Katana SVG server started at  => 192.168.1.18:27001
Process ID: 8328
No of workers: 8

1/15/2018, 6:32:29 PM: Process 7560 is listening to all incoming requests
1/15/2018, 6:32:29 PM: Process 13468 is listening to all incoming requests
1/15/2018, 6:32:29 PM: Process 15940 is listening to all incoming requests
1/15/2018, 6:32:29 PM: Process 5224 is listening to all incoming requests
1/15/2018, 6:32:29 PM: Process 2468 is listening to all incoming requests
1/15/2018, 6:32:29 PM: Process 9468 is listening to all incoming requests
1/15/2018, 6:32:29 PM: Process 12892 is listening to all incoming requests
1/15/2018, 6:32:29 PM: Process 16668 is listening to all incoming requests
